0 info it worked if it ends with ok
1 verbose cli [ 'node', '/usr/local/bin/npm', 'install', 'iron:router' ]
2 info using npm@2.5.1
3 info using node@v0.12.0
4 verbose stack Error: Unsupported URL Type: iron:router
4 verbose stack     at parseUrl (/usr/local/lib/node_modules/npm/node_modules/npm-package-arg/npa.js:173:13)
4 verbose stack     at npa (/usr/local/lib/node_modules/npm/node_modules/npm-package-arg/npa.js:74:12)
4 verbose stack     at resolver (/usr/local/lib/node_modules/npm/lib/install.js:756:42)
4 verbose stack     at /usr/local/lib/node_modules/npm/node_modules/slide/lib/async-map.js:52:35
4 verbose stack     at Array.forEach (native)
4 verbose stack     at /usr/local/lib/node_modules/npm/node_modules/slide/lib/async-map.js:52:11
4 verbose stack     at Array.forEach (native)
4 verbose stack     at asyncMap (/usr/local/lib/node_modules/npm/node_modules/slide/lib/async-map.js:51:8)
4 verbose stack     at /usr/local/lib/node_modules/npm/lib/install.js:655:5
4 verbose stack     at /usr/local/lib/node_modules/npm/lib/install.js:281:21
5 verbose cwd /Users/samuelparry/Vagrant/javascript/meteor-projects/ptpal
6 error Darwin 14.1.0
7 error argv "node" "/usr/local/bin/npm" "install" "iron:router"
8 error node v0.12.0
9 error npm  v2.5.1
10 error Unsupported URL Type: iron:router
11 error If you need help, you may report this error at:
11 error     <http://github.com/npm/npm/issues>
12 verbose exit [ 1, true ]
